[2024-12-17T18:35:50.071136+00:00] VideoclubLogger.INFO: Listado de clientes generado. [] []
[2024-12-17T18:35:50.073073+00:00] VideoclubLogger.INFO: Listado de productos generado. [] []
[2024-12-17T18:36:00.305895+00:00] VideoclubLogger.INFO: Videoclub 'Severo 8A' creado. [] []
[2024-12-17T18:36:00.306976+00:00] VideoclubLogger.INFO: Producto incluido: {"producto":{"app\\ProyectoVideoclub\\Juego":"Titulo: God of War, Numero: 1, Precio: 19.99"}} []
[2024-12-17T18:36:00.307016+00:00] VideoclubLogger.INFO: Producto incluido: {"producto":{"app\\ProyectoVideoclub\\Juego":"Titulo: The Last of Us Part II, Numero: 2, Precio: 49.99"}} []
[2024-12-17T18:36:00.307121+00:00] VideoclubLogger.INFO: Producto incluido: {"producto":{"app\\ProyectoVideoclub\\Dvd":"Titulo: Torrente, Numero: 3, Precio: 4.5"}} []
[2024-12-17T18:36:00.307144+00:00] VideoclubLogger.INFO: Producto incluido: {"producto":{"app\\ProyectoVideoclub\\Dvd":"Titulo: Origen, Numero: 4, Precio: 4.5"}} []
[2024-12-17T18:36:00.307163+00:00] VideoclubLogger.INFO: Producto incluido: {"producto":{"app\\ProyectoVideoclub\\Dvd":"Titulo: El Imperio Contraataca, Numero: 5, Precio: 3"}} []
[2024-12-17T18:36:00.307266+00:00] VideoclubLogger.INFO: Producto incluido: {"producto":{"app\\ProyectoVideoclub\\CintaVideo":"Titulo: Los cazafantasmas, Numero: 6, Precio: 3.5"}} []
[2024-12-17T18:36:00.307287+00:00] VideoclubLogger.INFO: Producto incluido: {"producto":{"app\\ProyectoVideoclub\\CintaVideo":"Titulo: El nombre de la Rosa, Numero: 7, Precio: 1.5"}} []
[2024-12-17T18:36:00.307301+00:00] VideoclubLogger.INFO: Producto incluido: {"producto":{"app\\ProyectoVideoclub\\Juego":"Titulo: Fornite, Numero: 8, Precio: 0"}} []
[2024-12-17T18:36:00.307731+00:00] VideoclubLogger.INFO: Socio incluido: {"cliente":{"app\\ProyectoVideoclub\\Cliente":"Nombre: Amancio Ortega, Número: 1, Soportes Alquilados: Num Soportes Alquilados: 0, Max Alquiler Concurrente: 3"}} []
[2024-12-17T18:36:00.307769+00:00] VideoclubLogger.INFO: Socio incluido: {"cliente":{"app\\ProyectoVideoclub\\Cliente":"Nombre: Pablo Picasso, Número: 2, Soportes Alquilados: Num Soportes Alquilados: 0, Max Alquiler Concurrente: 2"}} []
[2024-12-17T18:36:00.307795+00:00] VideoclubLogger.INFO: Socio incluido: {"cliente":{"app\\ProyectoVideoclub\\Cliente":"Nombre: Admin, Número: 3, Soportes Alquilados: Num Soportes Alquilados: 0, Max Alquiler Concurrente: 3"}} []
[2024-12-17T18:36:00.307811+00:00] VideoclubLogger.INFO: Usuario y contraseña configurados: {"cliente":{"app\\ProyectoVideoclub\\Cliente":"Nombre: Admin, Número: 3, Soportes Alquilados: Num Soportes Alquilados: 0, Max Alquiler Concurrente: 3"}} []
[2024-12-17T18:36:00.307826+00:00] VideoclubLogger.INFO: Usuario y contraseña configurados: {"cliente":{"app\\ProyectoVideoclub\\Cliente":"Nombre: Amancio Ortega, Número: 1, Soportes Alquilados: Num Soportes Alquilados: 0, Max Alquiler Concurrente: 3"}} []
[2024-12-17T18:36:00.307842+00:00] VideoclubLogger.INFO: Producto alquilado: {"cliente":{"app\\ProyectoVideoclub\\Cliente":"Nombre: Amancio Ortega, Número: 1, Soportes Alquilados: <br>Titulo: Torrente<br> Numero: 3<br> Precio: 4.5<br>Num Soportes Alquilados: 1, Max Alquiler Concurrente: 3"},"producto":{"app\\ProyectoVideoclub\\Dvd":"Titulo: Torrente, Numero: 3, Precio: 4.5"}} []
[2024-12-17T18:36:00.307861+00:00] VideoclubLogger.INFO: Producto alquilado: {"cliente":{"app\\ProyectoVideoclub\\Cliente":"Nombre: Amancio Ortega, Número: 1, Soportes Alquilados: <br>Titulo: Torrente<br> Numero: 3<br> Precio: 4.5<br><br>Titulo: Origen<br> Numero: 4<br> Precio: 4.5<br>Num Soportes Alquilados: 2, Max Alquiler Concurrente: 3"},"producto":{"app\\ProyectoVideoclub\\Dvd":"Titulo: Origen, Numero: 4, Precio: 4.5"}} []
[2024-12-17T18:36:00.307879+00:00] VideoclubLogger.WARNING: El producto ya está alquilado: {"producto":{"app\\ProyectoVideoclub\\Dvd":"Titulo: Torrente, Numero: 3, Precio: 4.5"}} []
[2024-12-17T18:36:00.307894+00:00] VideoclubLogger.INFO: Producto alquilado: {"cliente":{"app\\ProyectoVideoclub\\Cliente":"Nombre: Amancio Ortega, Número: 1, Soportes Alquilados: <br>Titulo: Torrente<br> Numero: 3<br> Precio: 4.5<br><br>Titulo: Origen<br> Numero: 4<br> Precio: 4.5<br><br>Titulo: El nombre de la Rosa<br> Numero: 7<br> Precio: 1.5<br>Num Soportes Alquilados: 3, Max Alquiler Concurrente: 3"},"producto":{"app\\ProyectoVideoclub\\CintaVideo":"Titulo: El nombre de la Rosa, Numero: 7, Precio: 1.5"}} []
[2024-12-17T18:36:00.307940+00:00] VideoclubLogger.INFO: Producto alquilado: {"cliente":{"app\\ProyectoVideoclub\\Cliente":"Nombre: Pablo Picasso, Número: 2, Soportes Alquilados: <br>Titulo: Fornite<br> Numero: 8<br> Precio: 0<br>Num Soportes Alquilados: 1, Max Alquiler Concurrente: 2"},"producto":{"app\\ProyectoVideoclub\\Juego":"Titulo: Fornite, Numero: 8, Precio: 0"}} []
[2024-12-17T18:36:07.693458+00:00] VideoclubLogger.INFO: Videoclub 'Severo 8A' creado. [] []
[2024-12-17T18:36:07.694733+00:00] VideoclubLogger.INFO: Producto incluido: {"producto":{"app\\ProyectoVideoclub\\Juego":"Titulo: God of War, Numero: 1, Precio: 19.99"}} []
[2024-12-17T18:36:07.694772+00:00] VideoclubLogger.INFO: Producto incluido: {"producto":{"app\\ProyectoVideoclub\\Juego":"Titulo: The Last of Us Part II, Numero: 2, Precio: 49.99"}} []
[2024-12-17T18:36:07.694912+00:00] VideoclubLogger.INFO: Producto incluido: {"producto":{"app\\ProyectoVideoclub\\Dvd":"Titulo: Torrente, Numero: 3, Precio: 4.5"}} []
[2024-12-17T18:36:07.694936+00:00] VideoclubLogger.INFO: Producto incluido: {"producto":{"app\\ProyectoVideoclub\\Dvd":"Titulo: Origen, Numero: 4, Precio: 4.5"}} []
[2024-12-17T18:36:07.694955+00:00] VideoclubLogger.INFO: Producto incluido: {"producto":{"app\\ProyectoVideoclub\\Dvd":"Titulo: El Imperio Contraataca, Numero: 5, Precio: 3"}} []
[2024-12-17T18:36:07.695081+00:00] VideoclubLogger.INFO: Producto incluido: {"producto":{"app\\ProyectoVideoclub\\CintaVideo":"Titulo: Los cazafantasmas, Numero: 6, Precio: 3.5"}} []
[2024-12-17T18:36:07.695102+00:00] VideoclubLogger.INFO: Producto incluido: {"producto":{"app\\ProyectoVideoclub\\CintaVideo":"Titulo: El nombre de la Rosa, Numero: 7, Precio: 1.5"}} []
[2024-12-17T18:36:07.695118+00:00] VideoclubLogger.INFO: Producto incluido: {"producto":{"app\\ProyectoVideoclub\\Juego":"Titulo: Fornite, Numero: 8, Precio: 0"}} []
[2024-12-17T18:36:07.695584+00:00] VideoclubLogger.INFO: Socio incluido: {"cliente":{"app\\ProyectoVideoclub\\Cliente":"Nombre: Amancio Ortega, Número: 1, Soportes Alquilados: Num Soportes Alquilados: 0, Max Alquiler Concurrente: 3"}} []
[2024-12-17T18:36:07.695623+00:00] VideoclubLogger.INFO: Socio incluido: {"cliente":{"app\\ProyectoVideoclub\\Cliente":"Nombre: Pablo Picasso, Número: 2, Soportes Alquilados: Num Soportes Alquilados: 0, Max Alquiler Concurrente: 2"}} []
[2024-12-17T18:36:07.695649+00:00] VideoclubLogger.INFO: Socio incluido: {"cliente":{"app\\ProyectoVideoclub\\Cliente":"Nombre: Admin, Número: 3, Soportes Alquilados: Num Soportes Alquilados: 0, Max Alquiler Concurrente: 3"}} []
[2024-12-17T18:36:07.695665+00:00] VideoclubLogger.INFO: Usuario y contraseña configurados: {"cliente":{"app\\ProyectoVideoclub\\Cliente":"Nombre: Admin, Número: 3, Soportes Alquilados: Num Soportes Alquilados: 0, Max Alquiler Concurrente: 3"}} []
[2024-12-17T18:36:07.695685+00:00] VideoclubLogger.INFO: Usuario y contraseña configurados: {"cliente":{"app\\ProyectoVideoclub\\Cliente":"Nombre: Amancio Ortega, Número: 1, Soportes Alquilados: Num Soportes Alquilados: 0, Max Alquiler Concurrente: 3"}} []
[2024-12-17T18:36:07.695709+00:00] VideoclubLogger.INFO: Producto alquilado: {"cliente":{"app\\ProyectoVideoclub\\Cliente":"Nombre: Amancio Ortega, Número: 1, Soportes Alquilados: <br>Titulo: Torrente<br> Numero: 3<br> Precio: 4.5<br>Num Soportes Alquilados: 1, Max Alquiler Concurrente: 3"},"producto":{"app\\ProyectoVideoclub\\Dvd":"Titulo: Torrente, Numero: 3, Precio: 4.5"}} []
[2024-12-17T18:36:07.695729+00:00] VideoclubLogger.INFO: Producto alquilado: {"cliente":{"app\\ProyectoVideoclub\\Cliente":"Nombre: Amancio Ortega, Número: 1, Soportes Alquilados: <br>Titulo: Torrente<br> Numero: 3<br> Precio: 4.5<br><br>Titulo: Origen<br> Numero: 4<br> Precio: 4.5<br>Num Soportes Alquilados: 2, Max Alquiler Concurrente: 3"},"producto":{"app\\ProyectoVideoclub\\Dvd":"Titulo: Origen, Numero: 4, Precio: 4.5"}} []
[2024-12-17T18:36:07.695777+00:00] VideoclubLogger.WARNING: El producto ya está alquilado: {"producto":{"app\\ProyectoVideoclub\\Dvd":"Titulo: Torrente, Numero: 3, Precio: 4.5"}} []
[2024-12-17T18:36:07.695796+00:00] VideoclubLogger.INFO: Producto alquilado: {"cliente":{"app\\ProyectoVideoclub\\Cliente":"Nombre: Amancio Ortega, Número: 1, Soportes Alquilados: <br>Titulo: Torrente<br> Numero: 3<br> Precio: 4.5<br><br>Titulo: Origen<br> Numero: 4<br> Precio: 4.5<br><br>Titulo: El nombre de la Rosa<br> Numero: 7<br> Precio: 1.5<br>Num Soportes Alquilados: 3, Max Alquiler Concurrente: 3"},"producto":{"app\\ProyectoVideoclub\\CintaVideo":"Titulo: El nombre de la Rosa, Numero: 7, Precio: 1.5"}} []
[2024-12-17T18:36:07.695814+00:00] VideoclubLogger.INFO: Producto alquilado: {"cliente":{"app\\ProyectoVideoclub\\Cliente":"Nombre: Pablo Picasso, Número: 2, Soportes Alquilados: <br>Titulo: Fornite<br> Numero: 8<br> Precio: 0<br>Num Soportes Alquilados: 1, Max Alquiler Concurrente: 2"},"producto":{"app\\ProyectoVideoclub\\Juego":"Titulo: Fornite, Numero: 8, Precio: 0"}} []
[2024-12-17T18:36:07.709324+00:00] VideoclubLogger.INFO: Listado de clientes generado. [] []
[2024-12-17T18:36:07.709702+00:00] VideoclubLogger.INFO: Listado de productos generado. [] []
[2024-12-17T18:36:40.330645+00:00] VideoclubLogger.INFO: Videoclub 'Severo 8A' creado. [] []
[2024-12-17T18:36:40.331723+00:00] VideoclubLogger.INFO: Producto incluido: {"producto":{"app\\ProyectoVideoclub\\Juego":"Titulo: God of War, Numero: 1, Precio: 19.99"}} []
[2024-12-17T18:36:40.331763+00:00] VideoclubLogger.INFO: Producto incluido: {"producto":{"app\\ProyectoVideoclub\\Juego":"Titulo: The Last of Us Part II, Numero: 2, Precio: 49.99"}} []
[2024-12-17T18:36:40.331868+00:00] VideoclubLogger.INFO: Producto incluido: {"producto":{"app\\ProyectoVideoclub\\Dvd":"Titulo: Torrente, Numero: 3, Precio: 4.5"}} []
[2024-12-17T18:36:40.331893+00:00] VideoclubLogger.INFO: Producto incluido: {"producto":{"app\\ProyectoVideoclub\\Dvd":"Titulo: Origen, Numero: 4, Precio: 4.5"}} []
[2024-12-17T18:36:40.331908+00:00] VideoclubLogger.INFO: Producto incluido: {"producto":{"app\\ProyectoVideoclub\\Dvd":"Titulo: El Imperio Contraataca, Numero: 5, Precio: 3"}} []
[2024-12-17T18:36:40.332008+00:00] VideoclubLogger.INFO: Producto incluido: {"producto":{"app\\ProyectoVideoclub\\CintaVideo":"Titulo: Los cazafantasmas, Numero: 6, Precio: 3.5"}} []
[2024-12-17T18:36:40.332039+00:00] VideoclubLogger.INFO: Producto incluido: {"producto":{"app\\ProyectoVideoclub\\CintaVideo":"Titulo: El nombre de la Rosa, Numero: 7, Precio: 1.5"}} []
[2024-12-17T18:36:40.332054+00:00] VideoclubLogger.INFO: Producto incluido: {"producto":{"app\\ProyectoVideoclub\\Juego":"Titulo: Fornite, Numero: 8, Precio: 0"}} []
[2024-12-17T18:36:40.332483+00:00] VideoclubLogger.INFO: Socio incluido: {"cliente":{"app\\ProyectoVideoclub\\Cliente":"Nombre: Amancio Ortega, Número: 1, Soportes Alquilados: Num Soportes Alquilados: 0, Max Alquiler Concurrente: 3"}} []
[2024-12-17T18:36:40.332532+00:00] VideoclubLogger.INFO: Socio incluido: {"cliente":{"app\\ProyectoVideoclub\\Cliente":"Nombre: Pablo Picasso, Número: 2, Soportes Alquilados: Num Soportes Alquilados: 0, Max Alquiler Concurrente: 2"}} []
[2024-12-17T18:36:40.332560+00:00] VideoclubLogger.INFO: Socio incluido: {"cliente":{"app\\ProyectoVideoclub\\Cliente":"Nombre: Admin, Número: 3, Soportes Alquilados: Num Soportes Alquilados: 0, Max Alquiler Concurrente: 3"}} []
[2024-12-17T18:36:40.332577+00:00] VideoclubLogger.INFO: Usuario y contraseña configurados: {"cliente":{"app\\ProyectoVideoclub\\Cliente":"Nombre: Admin, Número: 3, Soportes Alquilados: Num Soportes Alquilados: 0, Max Alquiler Concurrente: 3"}} []
[2024-12-17T18:36:40.332592+00:00] VideoclubLogger.INFO: Usuario y contraseña configurados: {"cliente":{"app\\ProyectoVideoclub\\Cliente":"Nombre: Amancio Ortega, Número: 1, Soportes Alquilados: Num Soportes Alquilados: 0, Max Alquiler Concurrente: 3"}} []
[2024-12-17T18:36:40.332639+00:00] VideoclubLogger.INFO: Producto alquilado: {"cliente":{"app\\ProyectoVideoclub\\Cliente":"Nombre: Amancio Ortega, Número: 1, Soportes Alquilados: <br>Titulo: Torrente<br> Numero: 3<br> Precio: 4.5<br>Num Soportes Alquilados: 1, Max Alquiler Concurrente: 3"},"producto":{"app\\ProyectoVideoclub\\Dvd":"Titulo: Torrente, Numero: 3, Precio: 4.5"}} []
[2024-12-17T18:36:40.332661+00:00] VideoclubLogger.INFO: Producto alquilado: {"cliente":{"app\\ProyectoVideoclub\\Cliente":"Nombre: Amancio Ortega, Número: 1, Soportes Alquilados: <br>Titulo: Torrente<br> Numero: 3<br> Precio: 4.5<br><br>Titulo: Origen<br> Numero: 4<br> Precio: 4.5<br>Num Soportes Alquilados: 2, Max Alquiler Concurrente: 3"},"producto":{"app\\ProyectoVideoclub\\Dvd":"Titulo: Origen, Numero: 4, Precio: 4.5"}} []
[2024-12-17T18:36:40.332679+00:00] VideoclubLogger.WARNING: El producto ya está alquilado: {"producto":{"app\\ProyectoVideoclub\\Dvd":"Titulo: Torrente, Numero: 3, Precio: 4.5"}} []
[2024-12-17T18:36:40.332694+00:00] VideoclubLogger.INFO: Producto alquilado: {"cliente":{"app\\ProyectoVideoclub\\Cliente":"Nombre: Amancio Ortega, Número: 1, Soportes Alquilados: <br>Titulo: Torrente<br> Numero: 3<br> Precio: 4.5<br><br>Titulo: Origen<br> Numero: 4<br> Precio: 4.5<br><br>Titulo: El nombre de la Rosa<br> Numero: 7<br> Precio: 1.5<br>Num Soportes Alquilados: 3, Max Alquiler Concurrente: 3"},"producto":{"app\\ProyectoVideoclub\\CintaVideo":"Titulo: El nombre de la Rosa, Numero: 7, Precio: 1.5"}} []
[2024-12-17T18:36:40.332711+00:00] VideoclubLogger.INFO: Producto alquilado: {"cliente":{"app\\ProyectoVideoclub\\Cliente":"Nombre: Pablo Picasso, Número: 2, Soportes Alquilados: <br>Titulo: Fornite<br> Numero: 8<br> Precio: 0<br>Num Soportes Alquilados: 1, Max Alquiler Concurrente: 2"},"producto":{"app\\ProyectoVideoclub\\Juego":"Titulo: Fornite, Numero: 8, Precio: 0"}} []
[2024-12-17T18:36:44.987929+00:00] VideoclubLogger.INFO: Videoclub 'Severo 8A' creado. [] []
[2024-12-17T18:36:44.989783+00:00] VideoclubLogger.INFO: Producto incluido: {"producto":{"app\\ProyectoVideoclub\\Juego":"Titulo: God of War, Numero: 1, Precio: 19.99"}} []
[2024-12-17T18:36:44.989846+00:00] VideoclubLogger.INFO: Producto incluido: {"producto":{"app\\ProyectoVideoclub\\Juego":"Titulo: The Last of Us Part II, Numero: 2, Precio: 49.99"}} []
[2024-12-17T18:36:44.989965+00:00] VideoclubLogger.INFO: Producto incluido: {"producto":{"app\\ProyectoVideoclub\\Dvd":"Titulo: Torrente, Numero: 3, Precio: 4.5"}} []
[2024-12-17T18:36:44.989995+00:00] VideoclubLogger.INFO: Producto incluido: {"producto":{"app\\ProyectoVideoclub\\Dvd":"Titulo: Origen, Numero: 4, Precio: 4.5"}} []
[2024-12-17T18:36:44.990012+00:00] VideoclubLogger.INFO: Producto incluido: {"producto":{"app\\ProyectoVideoclub\\Dvd":"Titulo: El Imperio Contraataca, Numero: 5, Precio: 3"}} []
[2024-12-17T18:36:44.990132+00:00] VideoclubLogger.INFO: Producto incluido: {"producto":{"app\\ProyectoVideoclub\\CintaVideo":"Titulo: Los cazafantasmas, Numero: 6, Precio: 3.5"}} []
[2024-12-17T18:36:44.990155+00:00] VideoclubLogger.INFO: Producto incluido: {"producto":{"app\\ProyectoVideoclub\\CintaVideo":"Titulo: El nombre de la Rosa, Numero: 7, Precio: 1.5"}} []
[2024-12-17T18:36:44.990180+00:00] VideoclubLogger.INFO: Producto incluido: {"producto":{"app\\ProyectoVideoclub\\Juego":"Titulo: Fornite, Numero: 8, Precio: 0"}} []
[2024-12-17T18:36:44.990576+00:00] VideoclubLogger.INFO: Socio incluido: {"cliente":{"app\\ProyectoVideoclub\\Cliente":"Nombre: Amancio Ortega, Número: 1, Soportes Alquilados: Num Soportes Alquilados: 0, Max Alquiler Concurrente: 3"}} []
[2024-12-17T18:36:44.990620+00:00] VideoclubLogger.INFO: Socio incluido: {"cliente":{"app\\ProyectoVideoclub\\Cliente":"Nombre: Pablo Picasso, Número: 2, Soportes Alquilados: Num Soportes Alquilados: 0, Max Alquiler Concurrente: 2"}} []
[2024-12-17T18:36:44.990647+00:00] VideoclubLogger.INFO: Socio incluido: {"cliente":{"app\\ProyectoVideoclub\\Cliente":"Nombre: Admin, Número: 3, Soportes Alquilados: Num Soportes Alquilados: 0, Max Alquiler Concurrente: 3"}} []
[2024-12-17T18:36:44.990692+00:00] VideoclubLogger.INFO: Usuario y contraseña configurados: {"cliente":{"app\\ProyectoVideoclub\\Cliente":"Nombre: Admin, Número: 3, Soportes Alquilados: Num Soportes Alquilados: 0, Max Alquiler Concurrente: 3"}} []
[2024-12-17T18:36:44.990709+00:00] VideoclubLogger.INFO: Usuario y contraseña configurados: {"cliente":{"app\\ProyectoVideoclub\\Cliente":"Nombre: Amancio Ortega, Número: 1, Soportes Alquilados: Num Soportes Alquilados: 0, Max Alquiler Concurrente: 3"}} []
[2024-12-17T18:36:44.990726+00:00] VideoclubLogger.INFO: Producto alquilado: {"cliente":{"app\\ProyectoVideoclub\\Cliente":"Nombre: Amancio Ortega, Número: 1, Soportes Alquilados: <br>Titulo: Torrente<br> Numero: 3<br> Precio: 4.5<br>Num Soportes Alquilados: 1, Max Alquiler Concurrente: 3"},"producto":{"app\\ProyectoVideoclub\\Dvd":"Titulo: Torrente, Numero: 3, Precio: 4.5"}} []
[2024-12-17T18:36:44.990746+00:00] VideoclubLogger.INFO: Producto alquilado: {"cliente":{"app\\ProyectoVideoclub\\Cliente":"Nombre: Amancio Ortega, Número: 1, Soportes Alquilados: <br>Titulo: Torrente<br> Numero: 3<br> Precio: 4.5<br><br>Titulo: Origen<br> Numero: 4<br> Precio: 4.5<br>Num Soportes Alquilados: 2, Max Alquiler Concurrente: 3"},"producto":{"app\\ProyectoVideoclub\\Dvd":"Titulo: Origen, Numero: 4, Precio: 4.5"}} []
[2024-12-17T18:36:44.990763+00:00] VideoclubLogger.WARNING: El producto ya está alquilado: {"producto":{"app\\ProyectoVideoclub\\Dvd":"Titulo: Torrente, Numero: 3, Precio: 4.5"}} []
[2024-12-17T18:36:44.990778+00:00] VideoclubLogger.INFO: Producto alquilado: {"cliente":{"app\\ProyectoVideoclub\\Cliente":"Nombre: Amancio Ortega, Número: 1, Soportes Alquilados: <br>Titulo: Torrente<br> Numero: 3<br> Precio: 4.5<br><br>Titulo: Origen<br> Numero: 4<br> Precio: 4.5<br><br>Titulo: El nombre de la Rosa<br> Numero: 7<br> Precio: 1.5<br>Num Soportes Alquilados: 3, Max Alquiler Concurrente: 3"},"producto":{"app\\ProyectoVideoclub\\CintaVideo":"Titulo: El nombre de la Rosa, Numero: 7, Precio: 1.5"}} []
[2024-12-17T18:36:44.990796+00:00] VideoclubLogger.INFO: Producto alquilado: {"cliente":{"app\\ProyectoVideoclub\\Cliente":"Nombre: Pablo Picasso, Número: 2, Soportes Alquilados: <br>Titulo: Fornite<br> Numero: 8<br> Precio: 0<br>Num Soportes Alquilados: 1, Max Alquiler Concurrente: 2"},"producto":{"app\\ProyectoVideoclub\\Juego":"Titulo: Fornite, Numero: 8, Precio: 0"}} []
[2024-12-17T18:36:49.745305+00:00] VideoclubLogger.INFO: Videoclub 'Severo 8A' creado. [] []
[2024-12-17T18:36:49.746523+00:00] VideoclubLogger.INFO: Producto incluido: {"producto":{"app\\ProyectoVideoclub\\Juego":"Titulo: God of War, Numero: 1, Precio: 19.99"}} []
[2024-12-17T18:36:49.746579+00:00] VideoclubLogger.INFO: Producto incluido: {"producto":{"app\\ProyectoVideoclub\\Juego":"Titulo: The Last of Us Part II, Numero: 2, Precio: 49.99"}} []
[2024-12-17T18:36:49.746778+00:00] VideoclubLogger.INFO: Producto incluido: {"producto":{"app\\ProyectoVideoclub\\Dvd":"Titulo: Torrente, Numero: 3, Precio: 4.5"}} []
[2024-12-17T18:36:49.746806+00:00] VideoclubLogger.INFO: Producto incluido: {"producto":{"app\\ProyectoVideoclub\\Dvd":"Titulo: Origen, Numero: 4, Precio: 4.5"}} []
[2024-12-17T18:36:49.746826+00:00] VideoclubLogger.INFO: Producto incluido: {"producto":{"app\\ProyectoVideoclub\\Dvd":"Titulo: El Imperio Contraataca, Numero: 5, Precio: 3"}} []
[2024-12-17T18:36:49.746935+00:00] VideoclubLogger.INFO: Producto incluido: {"producto":{"app\\ProyectoVideoclub\\CintaVideo":"Titulo: Los cazafantasmas, Numero: 6, Precio: 3.5"}} []
[2024-12-17T18:36:49.746969+00:00] VideoclubLogger.INFO: Producto incluido: {"producto":{"app\\ProyectoVideoclub\\CintaVideo":"Titulo: El nombre de la Rosa, Numero: 7, Precio: 1.5"}} []
[2024-12-17T18:36:49.746987+00:00] VideoclubLogger.INFO: Producto incluido: {"producto":{"app\\ProyectoVideoclub\\Juego":"Titulo: Fornite, Numero: 8, Precio: 0"}} []
[2024-12-17T18:36:49.747497+00:00] VideoclubLogger.INFO: Socio incluido: {"cliente":{"app\\ProyectoVideoclub\\Cliente":"Nombre: Amancio Ortega, Número: 1, Soportes Alquilados: Num Soportes Alquilados: 0, Max Alquiler Concurrente: 3"}} []
[2024-12-17T18:36:49.747571+00:00] VideoclubLogger.INFO: Socio incluido: {"cliente":{"app\\ProyectoVideoclub\\Cliente":"Nombre: Pablo Picasso, Número: 2, Soportes Alquilados: Num Soportes Alquilados: 0, Max Alquiler Concurrente: 2"}} []
[2024-12-17T18:36:49.747602+00:00] VideoclubLogger.INFO: Socio incluido: {"cliente":{"app\\ProyectoVideoclub\\Cliente":"Nombre: Admin, Número: 3, Soportes Alquilados: Num Soportes Alquilados: 0, Max Alquiler Concurrente: 3"}} []
[2024-12-17T18:36:49.747620+00:00] VideoclubLogger.INFO: Usuario y contraseña configurados: {"cliente":{"app\\ProyectoVideoclub\\Cliente":"Nombre: Admin, Número: 3, Soportes Alquilados: Num Soportes Alquilados: 0, Max Alquiler Concurrente: 3"}} []
[2024-12-17T18:36:49.747636+00:00] VideoclubLogger.INFO: Usuario y contraseña configurados: {"cliente":{"app\\ProyectoVideoclub\\Cliente":"Nombre: Amancio Ortega, Número: 1, Soportes Alquilados: Num Soportes Alquilados: 0, Max Alquiler Concurrente: 3"}} []
[2024-12-17T18:36:49.747661+00:00] VideoclubLogger.INFO: Producto alquilado: {"cliente":{"app\\ProyectoVideoclub\\Cliente":"Nombre: Amancio Ortega, Número: 1, Soportes Alquilados: <br>Titulo: Torrente<br> Numero: 3<br> Precio: 4.5<br>Num Soportes Alquilados: 1, Max Alquiler Concurrente: 3"},"producto":{"app\\ProyectoVideoclub\\Dvd":"Titulo: Torrente, Numero: 3, Precio: 4.5"}} []
[2024-12-17T18:36:49.747683+00:00] VideoclubLogger.INFO: Producto alquilado: {"cliente":{"app\\ProyectoVideoclub\\Cliente":"Nombre: Amancio Ortega, Número: 1, Soportes Alquilados: <br>Titulo: Torrente<br> Numero: 3<br> Precio: 4.5<br><br>Titulo: Origen<br> Numero: 4<br> Precio: 4.5<br>Num Soportes Alquilados: 2, Max Alquiler Concurrente: 3"},"producto":{"app\\ProyectoVideoclub\\Dvd":"Titulo: Origen, Numero: 4, Precio: 4.5"}} []
[2024-12-17T18:36:49.747702+00:00] VideoclubLogger.WARNING: El producto ya está alquilado: {"producto":{"app\\ProyectoVideoclub\\Dvd":"Titulo: Torrente, Numero: 3, Precio: 4.5"}} []
[2024-12-17T18:36:49.747718+00:00] VideoclubLogger.INFO: Producto alquilado: {"cliente":{"app\\ProyectoVideoclub\\Cliente":"Nombre: Amancio Ortega, Número: 1, Soportes Alquilados: <br>Titulo: Torrente<br> Numero: 3<br> Precio: 4.5<br><br>Titulo: Origen<br> Numero: 4<br> Precio: 4.5<br><br>Titulo: El nombre de la Rosa<br> Numero: 7<br> Precio: 1.5<br>Num Soportes Alquilados: 3, Max Alquiler Concurrente: 3"},"producto":{"app\\ProyectoVideoclub\\CintaVideo":"Titulo: El nombre de la Rosa, Numero: 7, Precio: 1.5"}} []
[2024-12-17T18:36:49.747738+00:00] VideoclubLogger.INFO: Producto alquilado: {"cliente":{"app\\ProyectoVideoclub\\Cliente":"Nombre: Pablo Picasso, Número: 2, Soportes Alquilados: <br>Titulo: Fornite<br> Numero: 8<br> Precio: 0<br>Num Soportes Alquilados: 1, Max Alquiler Concurrente: 2"},"producto":{"app\\ProyectoVideoclub\\Juego":"Titulo: Fornite, Numero: 8, Precio: 0"}} []
[2024-12-17T18:37:12.777001+00:00] VideoclubLogger.INFO: Videoclub 'Severo 8A' creado. [] []
[2024-12-17T18:37:12.778292+00:00] VideoclubLogger.INFO: Producto incluido: {"producto":{"app\\ProyectoVideoclub\\Juego":"Titulo: God of War, Numero: 1, Precio: 19.99"}} []
[2024-12-17T18:37:12.778336+00:00] VideoclubLogger.INFO: Producto incluido: {"producto":{"app\\ProyectoVideoclub\\Juego":"Titulo: The Last of Us Part II, Numero: 2, Precio: 49.99"}} []
[2024-12-17T18:37:12.778469+00:00] VideoclubLogger.INFO: Producto incluido: {"producto":{"app\\ProyectoVideoclub\\Dvd":"Titulo: Torrente, Numero: 3, Precio: 4.5"}} []
[2024-12-17T18:37:12.778492+00:00] VideoclubLogger.INFO: Producto incluido: {"producto":{"app\\ProyectoVideoclub\\Dvd":"Titulo: Origen, Numero: 4, Precio: 4.5"}} []
[2024-12-17T18:37:12.778509+00:00] VideoclubLogger.INFO: Producto incluido: {"producto":{"app\\ProyectoVideoclub\\Dvd":"Titulo: El Imperio Contraataca, Numero: 5, Precio: 3"}} []
[2024-12-17T18:37:12.778623+00:00] VideoclubLogger.INFO: Producto incluido: {"producto":{"app\\ProyectoVideoclub\\CintaVideo":"Titulo: Los cazafantasmas, Numero: 6, Precio: 3.5"}} []
[2024-12-17T18:37:12.778644+00:00] VideoclubLogger.INFO: Producto incluido: {"producto":{"app\\ProyectoVideoclub\\CintaVideo":"Titulo: El nombre de la Rosa, Numero: 7, Precio: 1.5"}} []
[2024-12-17T18:37:12.778688+00:00] VideoclubLogger.INFO: Producto incluido: {"producto":{"app\\ProyectoVideoclub\\Juego":"Titulo: Fornite, Numero: 8, Precio: 0"}} []
[2024-12-17T18:37:12.779204+00:00] VideoclubLogger.INFO: Socio incluido: {"cliente":{"app\\ProyectoVideoclub\\Cliente":"Nombre: Amancio Ortega, Número: 1, Soportes Alquilados: Num Soportes Alquilados: 0, Max Alquiler Concurrente: 3"}} []
[2024-12-17T18:37:12.779254+00:00] VideoclubLogger.INFO: Socio incluido: {"cliente":{"app\\ProyectoVideoclub\\Cliente":"Nombre: Pablo Picasso, Número: 2, Soportes Alquilados: Num Soportes Alquilados: 0, Max Alquiler Concurrente: 2"}} []
[2024-12-17T18:37:12.779281+00:00] VideoclubLogger.INFO: Socio incluido: {"cliente":{"app\\ProyectoVideoclub\\Cliente":"Nombre: Admin, Número: 3, Soportes Alquilados: Num Soportes Alquilados: 0, Max Alquiler Concurrente: 3"}} []
[2024-12-17T18:37:12.779305+00:00] VideoclubLogger.INFO: Usuario y contraseña configurados: {"cliente":{"app\\ProyectoVideoclub\\Cliente":"Nombre: Admin, Número: 3, Soportes Alquilados: Num Soportes Alquilados: 0, Max Alquiler Concurrente: 3"}} []
[2024-12-17T18:37:12.779319+00:00] VideoclubLogger.INFO: Usuario y contraseña configurados: {"cliente":{"app\\ProyectoVideoclub\\Cliente":"Nombre: Amancio Ortega, Número: 1, Soportes Alquilados: Num Soportes Alquilados: 0, Max Alquiler Concurrente: 3"}} []
[2024-12-17T18:37:12.779342+00:00] VideoclubLogger.INFO: Producto alquilado: {"cliente":{"app\\ProyectoVideoclub\\Cliente":"Nombre: Amancio Ortega, Número: 1, Soportes Alquilados: <br>Titulo: Torrente<br> Numero: 3<br> Precio: 4.5<br>Num Soportes Alquilados: 1, Max Alquiler Concurrente: 3"},"producto":{"app\\ProyectoVideoclub\\Dvd":"Titulo: Torrente, Numero: 3, Precio: 4.5"}} []
[2024-12-17T18:37:12.779362+00:00] VideoclubLogger.INFO: Producto alquilado: {"cliente":{"app\\ProyectoVideoclub\\Cliente":"Nombre: Amancio Ortega, Número: 1, Soportes Alquilados: <br>Titulo: Torrente<br> Numero: 3<br> Precio: 4.5<br><br>Titulo: Origen<br> Numero: 4<br> Precio: 4.5<br>Num Soportes Alquilados: 2, Max Alquiler Concurrente: 3"},"producto":{"app\\ProyectoVideoclub\\Dvd":"Titulo: Origen, Numero: 4, Precio: 4.5"}} []
[2024-12-17T18:37:12.779380+00:00] VideoclubLogger.WARNING: El producto ya está alquilado: {"producto":{"app\\ProyectoVideoclub\\Dvd":"Titulo: Torrente, Numero: 3, Precio: 4.5"}} []
[2024-12-17T18:37:12.779396+00:00] VideoclubLogger.INFO: Producto alquilado: {"cliente":{"app\\ProyectoVideoclub\\Cliente":"Nombre: Amancio Ortega, Número: 1, Soportes Alquilados: <br>Titulo: Torrente<br> Numero: 3<br> Precio: 4.5<br><br>Titulo: Origen<br> Numero: 4<br> Precio: 4.5<br><br>Titulo: El nombre de la Rosa<br> Numero: 7<br> Precio: 1.5<br>Num Soportes Alquilados: 3, Max Alquiler Concurrente: 3"},"producto":{"app\\ProyectoVideoclub\\CintaVideo":"Titulo: El nombre de la Rosa, Numero: 7, Precio: 1.5"}} []
[2024-12-17T18:37:12.779414+00:00] VideoclubLogger.INFO: Producto alquilado: {"cliente":{"app\\ProyectoVideoclub\\Cliente":"Nombre: Pablo Picasso, Número: 2, Soportes Alquilados: <br>Titulo: Fornite<br> Numero: 8<br> Precio: 0<br>Num Soportes Alquilados: 1, Max Alquiler Concurrente: 2"},"producto":{"app\\ProyectoVideoclub\\Juego":"Titulo: Fornite, Numero: 8, Precio: 0"}} []
[2024-12-17T18:37:12.793803+00:00] VideoclubLogger.INFO: Listado de clientes generado. [] []
[2024-12-17T18:37:12.794072+00:00] VideoclubLogger.INFO: Listado de productos generado. [] []
